  listing1.cpp
listing1.cpp(12): warning C4566: character represented by universal-character-name '\u041B' cannot be represented in the current code page (1257)
listing1.cpp(12): warning C4566: character represented by universal-character-name '\u0435' cannot be represented in the current code page (1257)
listing1.cpp(12): warning C4566: character represented by universal-character-name '\u0432' cannot be represented in the current code page (1257)
listing1.cpp(12): warning C4566: character represented by universal-character-name '\u043E' cannot be represented in the current code page (1257)
listing1.cpp(12): warning C4566: character represented by universal-character-name '\u044B' cannot be represented in the current code page (1257)
listing1.cpp(12): warning C4566: character represented by universal-character-name '\u0440' cannot be represented in the current code page (1257)
listing1.cpp(12): warning C4566: character represented by universal-character-name '\u043D' cannot be represented in the current code page (1257)
listing1.cpp(12): warning C4566: character represented by universal-character-name '\u0438' cannot be represented in the current code page (1257)
listing1.cpp(12): warning C4566: character represented by universal-character-name '\u0430' cannot be represented in the current code page (1257)
listing1.cpp(13): warning C4566: character represented by universal-character-name '\u041F' cannot be represented in the current code page (1257)
listing1.cpp(13): warning C4566: character represented by universal-character-name '\u0440' cannot be represented in the current code page (1257)
listing1.cpp(13): warning C4566: character represented by universal-character-name '\u0430' cannot be represented in the current code page (1257)
listing1.cpp(13): warning C4566: character represented by universal-character-name '\u0432' cannot be represented in the current code page (1257)
listing1.cpp(13): warning C4566: character represented by universal-character-name '\u043E' cannot be represented in the current code page (1257)
listing1.cpp(13): warning C4566: character represented by universal-character-name '\u0435' cannot be represented in the current code page (1257)
listing1.cpp(13): warning C4566: character represented by universal-character-name '\u044B' cannot be represented in the current code page (1257)
listing1.cpp(13): warning C4566: character represented by universal-character-name '\u043D' cannot be represented in the current code page (1257)
listing1.cpp(13): warning C4566: character represented by universal-character-name '\u0438' cannot be represented in the current code page (1257)
  listing2.cpp
  potokovii_vvod_manipuljatori.cpp
potokovii_vvod_manipuljatori.cpp(18): warning C4996: 'getch': The POSIX name for this item is deprecated. Instead, use the ISO C and C++ conformant name: _getch. See online help for details.
  C:\Program Files (x86)\Windows Kits\10\Include\10.0.10240.0\ucrt\conio.h(452): note: see declaration of 'getch'
  Generating Code...
  .NETFramework,Version=v4.0.AssemblyAttributes.cpp
  Operacii_vvoda_vivoda.vcxproj -> C:\Users\Natalja\Documents\Visual Studio 2015\Projects\6_Operacii_vvoda_vivoda\Debug\Operacii_vvoda_vivoda.exe
  Operacii_vvoda_vivoda.vcxproj -> C:\Users\Natalja\Documents\Visual Studio 2015\Projects\6_Operacii_vvoda_vivoda\Debug\Operacii_vvoda_vivoda.pdb (Full PDB)
